[INFO  - 2019-07-20T08:59:33.482Z] GhostDriver - Main - running on port 51325
[INFO  - 2019-07-20T08:59:37.753Z] Session [b3c2f720-aacc-11e9-89aa-71bfc0651867] - page.settings - {"XSSAuditingEnabled":false,"javascriptCanCloseWindows":true,"javascriptCanOpenWindows":true,"javascriptEnabled":true,"loadImages":true,"localToRemoteUrlAccessEnabled":false,"userAgent":"Mozilla/5.0 (Windows NT 6.2; WOW64) AppleWebKit/538.1 (KHTML, like Gecko) PhantomJS/2.1.1 Safari/538.1","webSecurityEnabled":true}
[INFO  - 2019-07-20T08:59:37.753Z] Session [b3c2f720-aacc-11e9-89aa-71bfc0651867] - page.customHeaders:  - {}
[INFO  - 2019-07-20T08:59:37.753Z] Session [b3c2f720-aacc-11e9-89aa-71bfc0651867] - Session.negotiatedCapabilities - {"browserName":"phantomjs","version":"2.1.1","driverName":"ghostdriver","driverVersion":"1.2.0","platform":"windows-10-32bit","javascriptEnabled":true,"takesScreenshot":true,"handlesAlerts":false,"databaseEnabled":false,"locationContextEnabled":false,"applicationCacheEnabled":false,"browserConnectionEnabled":false,"cssSelectorsEnabled":true,"webStorageEnabled":false,"rotatable":false,"acceptSslCerts":false,"nativeEvents":true,"proxy":{"proxyType":"direct"}}
[INFO  - 2019-07-20T08:59:37.753Z] SessionManagerReqHand - _postNewSessionCommand - New Session Created: b3c2f720-aacc-11e9-89aa-71bfc0651867
[ERROR - 2019-07-20T08:59:38.521Z] Session [b3c2f720-aacc-11e9-89aa-71bfc0651867] - page.onError - msg: ReferenceError: Can't find variable: Set

  phantomjs://platform/console++.js:263 in error
[ERROR - 2019-07-20T08:59:38.521Z] Session [b3c2f720-aacc-11e9-89aa-71bfc0651867] - page.onError - stack:
  p (undefined:4)
  n (:4)
  s (:4)
  c (:4)
  m (:4)
  h (:4)
  updateContainer (:6)
  (anonymous function) (:4)
  unbatchedUpdates (:4)
  ft (:4)
  hydrate (:6)
  page (:3)
  (anonymous function) (:3)
  execute (https://s0.meituan.net/bs/?f=myfe/piaofang:/common/felis-6edb4ee1.js:1)
  (anonymous function) (https://s0.meituan.net/bs/?f=myfe/piaofang:/common/felis-6edb4ee1.js:1)
  forEach (:0)
  u (https://s0.meituan.net/bs/?f=myfe/piaofang:/common/felis-6edb4ee1.js:1)
  (anonymous function) (https://s0.meituan.net/bs/?f=myfe/piaofang:/common/felis-6edb4ee1.js:1)
  (anonymous function) (https://s0.meituan.net/bs/?f=myfe/piaofang:/common/felis-6edb4ee1.js:1)
  (anonymous function) (https://s0.meituan.net/bs/?f=myfe/piaofang:/common/felis-6edb4ee1.js:1)
  onreadystatechange (https://s0.meituan.net/bs/?f=myfe/piaofang:/common/felis-6edb4ee1.js:1)

  phantomjs://platform/console++.js:263 in error
